{"C:\\Users\\Admin\\OneDrive\\Desktop\\React-projects\\TaskManagerSystem\\backend\\authMiddlewares\\authMiddleware.js": {"path":"C:\\Users\\Admin\\OneDrive\\Desktop\\React-projects\\TaskManagerSystem\\backend\\authMiddlewares\\authMiddleware.js","statementMap":{"0":{"start":{"line":1,"column":12},"end":{"line":1,"column":35}},"1":{"start":{"line":2,"column":0},"end":{"line":2,"column":26}},"2":{"start":{"line":3,"column":23},"end":{"line":22,"column":1}},"3":{"start":{"line":4,"column":23},"end":{"line":4,"column":51}},"4":{"start":{"line":5,"column":4},"end":{"line":8,"column":5}},"5":{"start":{"line":7,"column":8},"end":{"line":7,"column":79}},"6":{"start":{"line":9,"column":18},"end":{"line":9,"column":42}},"7":{"start":{"line":10,"column":4},"end":{"line":13,"column":5}},"8":{"start":{"line":12,"column":8},"end":{"line":12,"column":63}},"9":{"start":{"line":14,"column":4},"end":{"line":21,"column":5}},"10":{"start":{"line":15,"column":24},"end":{"line":15,"column":64}},"11":{"start":{"line":16,"column":8},"end":{"line":16,"column":31}},"12":{"start":{"line":17,"column":8},"end":{"line":17,"column":14}},"13":{"start":{"line":20,"column":8},"end":{"line":20,"column":74}},"14":{"start":{"line":24,"column":0},"end":{"line":24,"column":33}}},"fnMap":{"0":{"name":"(anonymous_0)","decl":{"start":{"line":3,"column":23},"end":{"line":3,"column":24}},"loc":{"start":{"line":3,"column":40},"end":{"line":22,"column":1}},"line":3}},"branchMap":{"0":{"loc":{"start":{"line":5,"column":4},"end":{"line":8,"column":5}},"type":"if","locations":[{"start":{"line":5,"column":4},"end":{"line":8,"column":5}},{"start":{},"end":{}}],"line":5},"1":{"loc":{"start":{"line":10,"column":4},"end":{"line":13,"column":5}},"type":"if","locations":[{"start":{"line":10,"column":4},"end":{"line":13,"column":5}},{"start":{},"end":{}}],"line":10}},"s":{"0":1,"1":1,"2":1,"3":4,"4":4,"5":1,"6":3,"7":3,"8":1,"9":2,"10":2,"11":1,"12":1,"13":1,"14":1},"f":{"0":4},"b":{"0":[1,3],"1":[1,2]},"_coverageSchema":"1a1c01bbd47fc00a2c39e90264f33305004495a9","hash":"be0bbefc77206cc2e4865c8bd5364cef8324bbdb"}
,"C:\\Users\\Admin\\OneDrive\\Desktop\\React-projects\\TaskManagerSystem\\backend\\controllers\\authController.js": {"path":"C:\\Users\\Admin\\OneDrive\\Desktop\\React-projects\\TaskManagerSystem\\backend\\controllers\\authController.js","statementMap":{"0":{"start":{"line":1,"column":15},"end":{"line":1,"column":34}},"1":{"start":{"line":2,"column":39},"end":{"line":2,"column":74}},"2":{"start":{"line":3,"column":21},"end":{"line":31,"column":1}},"3":{"start":{"line":4,"column":29},"end":{"line":4,"column":37}},"4":{"start":{"line":5,"column":23},"end":{"line":5,"column":51}},"5":{"start":{"line":7,"column":4},"end":{"line":9,"column":5}},"6":{"start":{"line":8,"column":8},"end":{"line":8,"column":81}},"7":{"start":{"line":10,"column":4},"end":{"line":13,"column":5}},"8":{"start":{"line":12,"column":8},"end":{"line":12,"column":94}},"9":{"start":{"line":14,"column":4},"end":{"line":16,"column":5}},"10":{"start":{"line":15,"column":8},"end":{"line":15,"column":70}},"11":{"start":{"line":17,"column":4},"end":{"line":30,"column":5}},"12":{"start":{"line":19,"column":12},"end":{"line":19,"column":49}},"13":{"start":{"line":20,"column":12},"end":{"line":20,"column":81}},"14":{"start":{"line":23,"column":8},"end":{"line":27,"column":9}},"15":{"start":{"line":26,"column":12},"end":{"line":26,"column":60}},"16":{"start":{"line":29,"column":8},"end":{"line":29,"column":89}},"17":{"start":{"line":33,"column":18},"end":{"line":46,"column":1}},"18":{"start":{"line":34,"column":29},"end":{"line":34,"column":37}},"19":{"start":{"line":35,"column":4},"end":{"line":38,"column":5}},"20":{"start":{"line":37,"column":8},"end":{"line":37,"column":81}},"21":{"start":{"line":39,"column":4},"end":{"line":45,"column":5}},"22":{"start":{"line":40,"column":22},"end":{"line":40,"column":56}},"23":{"start":{"line":41,"column":8},"end":{"line":41,"column":77}},"24":{"start":{"line":44,"column":8},"end":{"line":44,"column":79}},"25":{"start":{"line":50,"column":0},"end":{"line":50,"column":41}}},"fnMap":{"0":{"name":"(anonymous_0)","decl":{"start":{"line":3,"column":21},"end":{"line":3,"column":22}},"loc":{"start":{"line":3,"column":38},"end":{"line":31,"column":1}},"line":3},"1":{"name":"(anonymous_1)","decl":{"start":{"line":33,"column":18},"end":{"line":33,"column":19}},"loc":{"start":{"line":33,"column":36},"end":{"line":46,"column":1}},"line":33}},"branchMap":{"0":{"loc":{"start":{"line":7,"column":4},"end":{"line":9,"column":5}},"type":"if","locations":[{"start":{"line":7,"column":4},"end":{"line":9,"column":5}},{"start":{},"end":{}}],"line":7},"1":{"loc":{"start":{"line":7,"column":7},"end":{"line":7,"column":26}},"type":"binary-expr","locations":[{"start":{"line":7,"column":7},"end":{"line":7,"column":13}},{"start":{"line":7,"column":17},"end":{"line":7,"column":26}}],"line":7},"2":{"loc":{"start":{"line":10,"column":4},"end":{"line":13,"column":5}},"type":"if","locations":[{"start":{"line":10,"column":4},"end":{"line":13,"column":5}},{"start":{},"end":{}}],"line":10},"3":{"loc":{"start":{"line":14,"column":4},"end":{"line":16,"column":5}},"type":"if","locations":[{"start":{"line":14,"column":4},"end":{"line":16,"column":5}},{"start":{},"end":{}}],"line":14},"4":{"loc":{"start":{"line":23,"column":8},"end":{"line":27,"column":9}},"type":"if","locations":[{"start":{"line":23,"column":8},"end":{"line":27,"column":9}},{"start":{},"end":{}}],"line":23},"5":{"loc":{"start":{"line":35,"column":4},"end":{"line":38,"column":5}},"type":"if","locations":[{"start":{"line":35,"column":4},"end":{"line":38,"column":5}},{"start":{},"end":{}}],"line":35},"6":{"loc":{"start":{"line":35,"column":7},"end":{"line":35,"column":26}},"type":"binary-expr","locations":[{"start":{"line":35,"column":7},"end":{"line":35,"column":13}},{"start":{"line":35,"column":17},"end":{"line":35,"column":26}}],"line":35}},"s":{"0":1,"1":1,"2":1,"3":6,"4":6,"5":6,"6":1,"7":5,"8":1,"9":4,"10":1,"11":3,"12":3,"13":1,"14":2,"15":1,"16":1,"17":1,"18":3,"19":3,"20":1,"21":2,"22":2,"23":1,"24":1,"25":1},"f":{"0":6,"1":3},"b":{"0":[1,5],"1":[6,5],"2":[1,4],"3":[1,3],"4":[1,1],"5":[1,2],"6":[3,2]},"_coverageSchema":"1a1c01bbd47fc00a2c39e90264f33305004495a9","hash":"e33790134fbeedc942b13d623af1df248206862b"}
,"C:\\Users\\Admin\\OneDrive\\Desktop\\React-projects\\TaskManagerSystem\\backend\\controllers\\taskController.js": {"path":"C:\\Users\\Admin\\OneDrive\\Desktop\\React-projects\\TaskManagerSystem\\backend\\controllers\\taskController.js","statementMap":{"0":{"start":{"line":1,"column":79},"end":{"line":1,"column":114}},"1":{"start":{"line":4,"column":19},"end":{"line":41,"column":1}},"2":{"start":{"line":5,"column":19},"end":{"line":5,"column":29}},"3":{"start":{"line":6,"column":48},"end":{"line":6,"column":56}},"4":{"start":{"line":8,"column":4},"end":{"line":11,"column":5}},"5":{"start":{"line":10,"column":8},"end":{"line":10,"column":69}},"6":{"start":{"line":12,"column":4},"end":{"line":15,"column":5}},"7":{"start":{"line":14,"column":8},"end":{"line":14,"column":67}},"8":{"start":{"line":16,"column":4},"end":{"line":19,"column":5}},"9":{"start":{"line":18,"column":8},"end":{"line":18,"column":90}},"10":{"start":{"line":20,"column":28},"end":{"line":20,"column":65}},"11":{"start":{"line":21,"column":4},"end":{"line":24,"column":5}},"12":{"start":{"line":23,"column":8},"end":{"line":23,"column":70}},"13":{"start":{"line":25,"column":4},"end":{"line":28,"column":5}},"14":{"start":{"line":27,"column":8},"end":{"line":27,"column":66}},"15":{"start":{"line":29,"column":4},"end":{"line":32,"column":5}},"16":{"start":{"line":31,"column":8},"end":{"line":31,"column":80}},"17":{"start":{"line":34,"column":4},"end":{"line":40,"column":5}},"18":{"start":{"line":35,"column":8},"end":{"line":35,"column":66}},"19":{"start":{"line":36,"column":8},"end":{"line":36,"column":74}},"20":{"start":{"line":39,"column":8},"end":{"line":39,"column":86}},"21":{"start":{"line":44,"column":17},"end":{"line":71,"column":1}},"22":{"start":{"line":45,"column":37},"end":{"line":45,"column":46}},"23":{"start":{"line":46,"column":19},"end":{"line":46,"column":29}},"24":{"start":{"line":47,"column":4},"end":{"line":50,"column":5}},"25":{"start":{"line":49,"column":8},"end":{"line":49,"column":81}},"26":{"start":{"line":51,"column":4},"end":{"line":54,"column":5}},"27":{"start":{"line":53,"column":8},"end":{"line":53,"column":90}},"28":{"start":{"line":55,"column":4},"end":{"line":58,"column":5}},"29":{"start":{"line":57,"column":8},"end":{"line":57,"column":71}},"30":{"start":{"line":60,"column":4},"end":{"line":70,"column":5}},"31":{"start":{"line":61,"column":25},"end":{"line":61,"column":92}},"32":{"start":{"line":62,"column":8},"end":{"line":62,"column":91}},"33":{"start":{"line":65,"column":8},"end":{"line":68,"column":9}},"34":{"start":{"line":67,"column":12},"end":{"line":67,"column":61}},"35":{"start":{"line":69,"column":8},"end":{"line":69,"column":89}},"36":{"start":{"line":75,"column":25},"end":{"line":102,"column":1}},"37":{"start":{"line":76,"column":17},"end":{"line":76,"column":27}},"38":{"start":{"line":77,"column":21},"end":{"line":77,"column":29}},"39":{"start":{"line":78,"column":4},"end":{"line":81,"column":5}},"40":{"start":{"line":80,"column":8},"end":{"line":80,"column":67}},"41":{"start":{"line":82,"column":4},"end":{"line":85,"column":5}},"42":{"start":{"line":84,"column":8},"end":{"line":84,"column":82}},"43":{"start":{"line":86,"column":25},"end":{"line":86,"column":62}},"44":{"start":{"line":87,"column":4},"end":{"line":90,"column":5}},"45":{"start":{"line":89,"column":8},"end":{"line":89,"column":70}},"46":{"start":{"line":91,"column":4},"end":{"line":101,"column":5}},"47":{"start":{"line":92,"column":32},"end":{"line":92,"column":72}},"48":{"start":{"line":93,"column":8},"end":{"line":93,"column":53}},"49":{"start":{"line":96,"column":8},"end":{"line":99,"column":9}},"50":{"start":{"line":98,"column":12},"end":{"line":98,"column":60}},"51":{"start":{"line":100,"column":8},"end":{"line":100,"column":88}},"52":{"start":{"line":105,"column":19},"end":{"line":122,"column":1}},"53":{"start":{"line":106,"column":17},"end":{"line":106,"column":27}},"54":{"start":{"line":107,"column":4},"end":{"line":110,"column":5}},"55":{"start":{"line":109,"column":8},"end":{"line":109,"column":82}},"56":{"start":{"line":111,"column":4},"end":{"line":121,"column":5}},"57":{"start":{"line":112,"column":35},"end":{"line":112,"column":62}},"58":{"start":{"line":113,"column":8},"end":{"line":113,"column":55}},"59":{"start":{"line":116,"column":8},"end":{"line":119,"column":13}},"60":{"start":{"line":118,"column":16},"end":{"line":118,"column":64}},"61":{"start":{"line":120,"column":8},"end":{"line":120,"column":88}},"62":{"start":{"line":123,"column":0},"end":{"line":123,"column":66}}},"fnMap":{"0":{"name":"(anonymous_0)","decl":{"start":{"line":4,"column":19},"end":{"line":4,"column":20}},"loc":{"start":{"line":4,"column":36},"end":{"line":41,"column":1}},"line":4},"1":{"name":"(anonymous_1)","decl":{"start":{"line":44,"column":17},"end":{"line":44,"column":18}},"loc":{"start":{"line":44,"column":34},"end":{"line":71,"column":1}},"line":44},"2":{"name":"(anonymous_2)","decl":{"start":{"line":75,"column":25},"end":{"line":75,"column":26}},"loc":{"start":{"line":75,"column":42},"end":{"line":102,"column":1}},"line":75},"3":{"name":"(anonymous_3)","decl":{"start":{"line":105,"column":19},"end":{"line":105,"column":20}},"loc":{"start":{"line":105,"column":36},"end":{"line":122,"column":1}},"line":105}},"branchMap":{"0":{"loc":{"start":{"line":8,"column":4},"end":{"line":11,"column":5}},"type":"if","locations":[{"start":{"line":8,"column":4},"end":{"line":11,"column":5}},{"start":{},"end":{}}],"line":8},"1":{"loc":{"start":{"line":12,"column":4},"end":{"line":15,"column":5}},"type":"if","locations":[{"start":{"line":12,"column":4},"end":{"line":15,"column":5}},{"start":{},"end":{}}],"line":12},"2":{"loc":{"start":{"line":16,"column":4},"end":{"line":19,"column":5}},"type":"if","locations":[{"start":{"line":16,"column":4},"end":{"line":19,"column":5}},{"start":{},"end":{}}],"line":16},"3":{"loc":{"start":{"line":16,"column":7},"end":{"line":16,"column":44}},"type":"binary-expr","locations":[{"start":{"line":16,"column":7},"end":{"line":16,"column":18}},{"start":{"line":16,"column":22},"end":{"line":16,"column":44}}],"line":16},"4":{"loc":{"start":{"line":21,"column":4},"end":{"line":24,"column":5}},"type":"if","locations":[{"start":{"line":21,"column":4},"end":{"line":24,"column":5}},{"start":{},"end":{}}],"line":21},"5":{"loc":{"start":{"line":21,"column":7},"end":{"line":21,"column":50}},"type":"binary-expr","locations":[{"start":{"line":21,"column":7},"end":{"line":21,"column":13}},{"start":{"line":21,"column":17},"end":{"line":21,"column":50}}],"line":21},"6":{"loc":{"start":{"line":25,"column":4},"end":{"line":28,"column":5}},"type":"if","locations":[{"start":{"line":25,"column":4},"end":{"line":28,"column":5}},{"start":{},"end":{}}],"line":25},"7":{"loc":{"start":{"line":25,"column":7},"end":{"line":25,"column":46}},"type":"binary-expr","locations":[{"start":{"line":25,"column":7},"end":{"line":25,"column":15}},{"start":{"line":25,"column":19},"end":{"line":25,"column":46}}],"line":25},"8":{"loc":{"start":{"line":29,"column":4},"end":{"line":32,"column":5}},"type":"if","locations":[{"start":{"line":29,"column":4},"end":{"line":32,"column":5}},{"start":{},"end":{}}],"line":29},"9":{"loc":{"start":{"line":29,"column":7},"end":{"line":29,"column":51}},"type":"binary-expr","locations":[{"start":{"line":29,"column":7},"end":{"line":29,"column":15}},{"start":{"line":29,"column":20},"end":{"line":29,"column":50}}],"line":29},"10":{"loc":{"start":{"line":45,"column":11},"end":{"line":45,"column":17}},"type":"default-arg","locations":[{"start":{"line":45,"column":16},"end":{"line":45,"column":17}}],"line":45},"11":{"loc":{"start":{"line":45,"column":18},"end":{"line":45,"column":26}},"type":"default-arg","locations":[{"start":{"line":45,"column":24},"end":{"line":45,"column":26}}],"line":45},"12":{"loc":{"start":{"line":47,"column":4},"end":{"line":50,"column":5}},"type":"if","locations":[{"start":{"line":47,"column":4},"end":{"line":50,"column":5}},{"start":{},"end":{}}],"line":47},"13":{"loc":{"start":{"line":47,"column":7},"end":{"line":47,"column":54}},"type":"binary-expr","locations":[{"start":{"line":47,"column":7},"end":{"line":47,"column":28}},{"start":{"line":47,"column":32},"end":{"line":47,"column":54}}],"line":47},"14":{"loc":{"start":{"line":51,"column":4},"end":{"line":54,"column":5}},"type":"if","locations":[{"start":{"line":51,"column":4},"end":{"line":54,"column":5}},{"start":{},"end":{}}],"line":51},"15":{"loc":{"start":{"line":51,"column":7},"end":{"line":51,"column":26}},"type":"binary-expr","locations":[{"start":{"line":51,"column":7},"end":{"line":51,"column":14}},{"start":{"line":51,"column":18},"end":{"line":51,"column":26}}],"line":51},"16":{"loc":{"start":{"line":55,"column":4},"end":{"line":58,"column":5}},"type":"if","locations":[{"start":{"line":55,"column":4},"end":{"line":58,"column":5}},{"start":{},"end":{}}],"line":55},"17":{"loc":{"start":{"line":55,"column":7},"end":{"line":55,"column":72}},"type":"binary-expr","locations":[{"start":{"line":55,"column":7},"end":{"line":55,"column":13}},{"start":{"line":55,"column":17},"end":{"line":55,"column":72}}],"line":55},"18":{"loc":{"start":{"line":65,"column":8},"end":{"line":68,"column":9}},"type":"if","locations":[{"start":{"line":65,"column":8},"end":{"line":68,"column":9}},{"start":{},"end":{}}],"line":65},"19":{"loc":{"start":{"line":78,"column":4},"end":{"line":81,"column":5}},"type":"if","locations":[{"start":{"line":78,"column":4},"end":{"line":81,"column":5}},{"start":{},"end":{}}],"line":78},"20":{"loc":{"start":{"line":82,"column":4},"end":{"line":85,"column":5}},"type":"if","locations":[{"start":{"line":82,"column":4},"end":{"line":85,"column":5}},{"start":{},"end":{}}],"line":82},"21":{"loc":{"start":{"line":87,"column":4},"end":{"line":90,"column":5}},"type":"if","locations":[{"start":{"line":87,"column":4},"end":{"line":90,"column":5}},{"start":{},"end":{}}],"line":87},"22":{"loc":{"start":{"line":96,"column":8},"end":{"line":99,"column":9}},"type":"if","locations":[{"start":{"line":96,"column":8},"end":{"line":99,"column":9}},{"start":{},"end":{}}],"line":96},"23":{"loc":{"start":{"line":107,"column":4},"end":{"line":110,"column":5}},"type":"if","locations":[{"start":{"line":107,"column":4},"end":{"line":110,"column":5}},{"start":{},"end":{}}],"line":107},"24":{"loc":{"start":{"line":116,"column":8},"end":{"line":119,"column":13}},"type":"if","locations":[{"start":{"line":116,"column":8},"end":{"line":119,"column":13}},{"start":{},"end":{}}],"line":116}},"s":{"0":1,"1":1,"2":8,"3":8,"4":8,"5":1,"6":7,"7":1,"8":6,"9":1,"10":5,"11":5,"12":1,"13":4,"14":1,"15":3,"16":1,"17":2,"18":2,"19":1,"20":1,"21":1,"22":6,"23":6,"24":6,"25":1,"26":5,"27":1,"28":4,"29":1,"30":3,"31":3,"32":1,"33":2,"34":1,"35":1,"36":1,"37":6,"38":6,"39":6,"40":1,"41":5,"42":1,"43":4,"44":4,"45":1,"46":3,"47":3,"48":1,"49":2,"50":1,"51":1,"52":1,"53":4,"54":4,"55":1,"56":3,"57":3,"58":1,"59":2,"60":1,"61":1,"62":1},"f":{"0":8,"1":6,"2":6,"3":4},"b":{"0":[1,7],"1":[1,6],"2":[1,5],"3":[6,2],"4":[1,4],"5":[5,2],"6":[1,3],"7":[4,3],"8":[1,2],"9":[3,2],"10":[0],"11":[0],"12":[1,5],"13":[6,5],"14":[1,4],"15":[5,4],"16":[1,3],"17":[4,1],"18":[1,1],"19":[1,5],"20":[1,4],"21":[1,3],"22":[1,1],"23":[1,3],"24":[1,1]},"_coverageSchema":"1a1c01bbd47fc00a2c39e90264f33305004495a9","hash":"c9adaf310f0e7e0d993011826002dbd04a84557d"}
,"C:\\Users\\Admin\\OneDrive\\Desktop\\React-projects\\TaskManagerSystem\\backend\\controllers\\userController.js": {"path":"C:\\Users\\Admin\\OneDrive\\Desktop\\React-projects\\TaskManagerSystem\\backend\\controllers\\userController.js","statementMap":{"0":{"start":{"line":1,"column":35},"end":{"line":1,"column":70}},"1":{"start":{"line":2,"column":19},"end":{"line":28,"column":1}},"2":{"start":{"line":3,"column":19},"end":{"line":3,"column":29}},"3":{"start":{"line":4,"column":29},"end":{"line":4,"column":37}},"4":{"start":{"line":5,"column":23},"end":{"line":5,"column":51}},"5":{"start":{"line":6,"column":4},"end":{"line":9,"column":5}},"6":{"start":{"line":8,"column":8},"end":{"line":8,"column":83}},"7":{"start":{"line":10,"column":4},"end":{"line":13,"column":5}},"8":{"start":{"line":12,"column":8},"end":{"line":12,"column":94}},"9":{"start":{"line":14,"column":4},"end":{"line":16,"column":5}},"10":{"start":{"line":15,"column":8},"end":{"line":15,"column":70}},"11":{"start":{"line":17,"column":4},"end":{"line":27,"column":5}},"12":{"start":{"line":18,"column":31},"end":{"line":18,"column":84}},"13":{"start":{"line":19,"column":8},"end":{"line":19,"column":51}},"14":{"start":{"line":22,"column":8},"end":{"line":25,"column":9}},"15":{"start":{"line":24,"column":12},"end":{"line":24,"column":60}},"16":{"start":{"line":26,"column":8},"end":{"line":26,"column":88}},"17":{"start":{"line":30,"column":0},"end":{"line":30,"column":29}}},"fnMap":{"0":{"name":"(anonymous_0)","decl":{"start":{"line":2,"column":19},"end":{"line":2,"column":20}},"loc":{"start":{"line":2,"column":36},"end":{"line":28,"column":1}},"line":2}},"branchMap":{"0":{"loc":{"start":{"line":6,"column":4},"end":{"line":9,"column":5}},"type":"if","locations":[{"start":{"line":6,"column":4},"end":{"line":9,"column":5}},{"start":{},"end":{}}],"line":6},"1":{"loc":{"start":{"line":6,"column":7},"end":{"line":6,"column":26}},"type":"binary-expr","locations":[{"start":{"line":6,"column":7},"end":{"line":6,"column":13}},{"start":{"line":6,"column":17},"end":{"line":6,"column":26}}],"line":6},"2":{"loc":{"start":{"line":10,"column":4},"end":{"line":13,"column":5}},"type":"if","locations":[{"start":{"line":10,"column":4},"end":{"line":13,"column":5}},{"start":{},"end":{}}],"line":10},"3":{"loc":{"start":{"line":14,"column":4},"end":{"line":16,"column":5}},"type":"if","locations":[{"start":{"line":14,"column":4},"end":{"line":16,"column":5}},{"start":{},"end":{}}],"line":14},"4":{"loc":{"start":{"line":22,"column":8},"end":{"line":25,"column":9}},"type":"if","locations":[{"start":{"line":22,"column":8},"end":{"line":25,"column":9}},{"start":{},"end":{}}],"line":22}},"s":{"0":1,"1":1,"2":6,"3":6,"4":6,"5":6,"6":1,"7":5,"8":1,"9":4,"10":1,"11":3,"12":3,"13":1,"14":2,"15":1,"16":1,"17":1},"f":{"0":6},"b":{"0":[1,5],"1":[6,5],"2":[1,4],"3":[1,3],"4":[1,1]},"_coverageSchema":"1a1c01bbd47fc00a2c39e90264f33305004495a9","hash":"07c25d1f7966d9f6984e25ec14bd3b0565074547"}
,"C:\\Users\\Admin\\OneDrive\\Desktop\\React-projects\\TaskManagerSystem\\backend\\services\\authServices.js": {"path":"C:\\Users\\Admin\\OneDrive\\Desktop\\React-projects\\TaskManagerSystem\\backend\\services\\authServices.js","statementMap":{"0":{"start":{"line":1,"column":15},"end":{"line":1,"column":34}},"1":{"start":{"line":2,"column":12},"end":{"line":2,"column":35}},"2":{"start":{"line":3,"column":15},"end":{"line":3,"column":40}},"3":{"start":{"line":4,"column":0},"end":{"line":4,"column":26}},"4":{"start":{"line":5,"column":24},"end":{"line":21,"column":1}},"5":{"start":{"line":7,"column":27},"end":{"line":7,"column":57}},"6":{"start":{"line":8,"column":24},"end":{"line":8,"column":59}},"7":{"start":{"line":10,"column":4},"end":{"line":15,"column":5}},"8":{"start":{"line":12,"column":22},"end":{"line":12,"column":70}},"9":{"start":{"line":13,"column":8},"end":{"line":13,"column":34}},"10":{"start":{"line":14,"column":8},"end":{"line":14,"column":19}},"11":{"start":{"line":17,"column":4},"end":{"line":20,"column":6}},"12":{"start":{"line":23,"column":21},"end":{"line":36,"column":1}},"13":{"start":{"line":24,"column":24},"end":{"line":24,"column":59}},"14":{"start":{"line":25,"column":4},"end":{"line":28,"column":5}},"15":{"start":{"line":27,"column":8},"end":{"line":27,"column":49}},"16":{"start":{"line":29,"column":28},"end":{"line":29,"column":83}},"17":{"start":{"line":30,"column":4},"end":{"line":33,"column":5}},"18":{"start":{"line":32,"column":8},"end":{"line":32,"column":43}},"19":{"start":{"line":34,"column":18},"end":{"line":34,"column":111}},"20":{"start":{"line":35,"column":4},"end":{"line":35,"column":17}},"21":{"start":{"line":37,"column":0},"end":{"line":37,"column":47}}},"fnMap":{"0":{"name":"(anonymous_0)","decl":{"start":{"line":5,"column":24},"end":{"line":5,"column":25}},"loc":{"start":{"line":5,"column":48},"end":{"line":21,"column":1}},"line":5},"1":{"name":"(anonymous_1)","decl":{"start":{"line":23,"column":21},"end":{"line":23,"column":22}},"loc":{"start":{"line":23,"column":45},"end":{"line":36,"column":1}},"line":23}},"branchMap":{"0":{"loc":{"start":{"line":10,"column":4},"end":{"line":15,"column":5}},"type":"if","locations":[{"start":{"line":10,"column":4},"end":{"line":15,"column":5}},{"start":{},"end":{}}],"line":10},"1":{"loc":{"start":{"line":25,"column":4},"end":{"line":28,"column":5}},"type":"if","locations":[{"start":{"line":25,"column":4},"end":{"line":28,"column":5}},{"start":{},"end":{}}],"line":25},"2":{"loc":{"start":{"line":30,"column":4},"end":{"line":33,"column":5}},"type":"if","locations":[{"start":{"line":30,"column":4},"end":{"line":33,"column":5}},{"start":{},"end":{}}],"line":30}},"s":{"0":1,"1":1,"2":1,"3":1,"4":1,"5":2,"6":2,"7":2,"8":1,"9":1,"10":1,"11":1,"12":1,"13":3,"14":3,"15":1,"16":2,"17":2,"18":1,"19":1,"20":1,"21":1},"f":{"0":2,"1":3},"b":{"0":[1,1],"1":[1,2],"2":[1,1]},"_coverageSchema":"1a1c01bbd47fc00a2c39e90264f33305004495a9","hash":"90cdd009359f9d116fc52f26742d48d92f9800c1"}
,"C:\\Users\\Admin\\OneDrive\\Desktop\\React-projects\\TaskManagerSystem\\backend\\services\\taskServices.js": {"path":"C:\\Users\\Admin\\OneDrive\\Desktop\\React-projects\\TaskManagerSystem\\backend\\services\\taskServices.js","statementMap":{"0":{"start":{"line":1,"column":15},"end":{"line":1,"column":39}},"1":{"start":{"line":2,"column":20},"end":{"line":10,"column":1}},"2":{"start":{"line":3,"column":3},"end":{"line":9,"column":6}},"3":{"start":{"line":11,"column":24},"end":{"line":39,"column":1}},"4":{"start":{"line":12,"column":23},"end":{"line":14,"column":5}},"5":{"start":{"line":15,"column":4},"end":{"line":18,"column":9}},"6":{"start":{"line":17,"column":12},"end":{"line":17,"column":38}},"7":{"start":{"line":19,"column":19},"end":{"line":23,"column":6}},"8":{"start":{"line":25,"column":4},"end":{"line":30,"column":5}},"9":{"start":{"line":27,"column":22},"end":{"line":27,"column":49}},"10":{"start":{"line":28,"column":8},"end":{"line":28,"column":31}},"11":{"start":{"line":29,"column":8},"end":{"line":29,"column":19}},"12":{"start":{"line":31,"column":23},"end":{"line":31,"column":35}},"13":{"start":{"line":32,"column":23},"end":{"line":32,"column":50}},"14":{"start":{"line":33,"column":4},"end":{"line":38,"column":5}},"15":{"start":{"line":41,"column":32},"end":{"line":56,"column":1}},"16":{"start":{"line":42,"column":24},"end":{"line":44,"column":10}},"17":{"start":{"line":45,"column":4},"end":{"line":50,"column":5}},"18":{"start":{"line":47,"column":22},"end":{"line":47,"column":56}},"19":{"start":{"line":48,"column":8},"end":{"line":48,"column":30}},"20":{"start":{"line":49,"column":8},"end":{"line":49,"column":19}},"21":{"start":{"line":51,"column":4},"end":{"line":51,"column":31}},"22":{"start":{"line":52,"column":4},"end":{"line":52,"column":28}},"23":{"start":{"line":53,"column":4},"end":{"line":55,"column":5}},"24":{"start":{"line":58,"column":26},"end":{"line":74,"column":1}},"25":{"start":{"line":59,"column":24},"end":{"line":63,"column":6}},"26":{"start":{"line":64,"column":4},"end":{"line":69,"column":5}},"27":{"start":{"line":66,"column":22},"end":{"line":66,"column":56}},"28":{"start":{"line":67,"column":8},"end":{"line":67,"column":30}},"29":{"start":{"line":68,"column":8},"end":{"line":68,"column":19}},"30":{"start":{"line":70,"column":4},"end":{"line":70,"column":31}},"31":{"start":{"line":71,"column":4},"end":{"line":73,"column":5}},"32":{"start":{"line":75,"column":0},"end":{"line":75,"column":87}}},"fnMap":{"0":{"name":"(anonymous_0)","decl":{"start":{"line":2,"column":20},"end":{"line":2,"column":21}},"loc":{"start":{"line":2,"column":70},"end":{"line":10,"column":1}},"line":2},"1":{"name":"(anonymous_1)","decl":{"start":{"line":11,"column":24},"end":{"line":11,"column":25}},"loc":{"start":{"line":11,"column":58},"end":{"line":39,"column":1}},"line":11},"2":{"name":"(anonymous_2)","decl":{"start":{"line":41,"column":32},"end":{"line":41,"column":33}},"loc":{"start":{"line":41,"column":55},"end":{"line":56,"column":1}},"line":41},"3":{"name":"(anonymous_3)","decl":{"start":{"line":58,"column":26},"end":{"line":58,"column":27}},"loc":{"start":{"line":58,"column":42},"end":{"line":74,"column":1}},"line":58}},"branchMap":{"0":{"loc":{"start":{"line":15,"column":4},"end":{"line":18,"column":9}},"type":"if","locations":[{"start":{"line":15,"column":4},"end":{"line":18,"column":9}},{"start":{},"end":{}}],"line":15},"1":{"loc":{"start":{"line":25,"column":4},"end":{"line":30,"column":5}},"type":"if","locations":[{"start":{"line":25,"column":4},"end":{"line":30,"column":5}},{"start":{},"end":{}}],"line":25},"2":{"loc":{"start":{"line":45,"column":4},"end":{"line":50,"column":5}},"type":"if","locations":[{"start":{"line":45,"column":4},"end":{"line":50,"column":5}},{"start":{},"end":{}}],"line":45},"3":{"loc":{"start":{"line":64,"column":4},"end":{"line":69,"column":5}},"type":"if","locations":[{"start":{"line":64,"column":4},"end":{"line":69,"column":5}},{"start":{},"end":{}}],"line":64}},"s":{"0":1,"1":1,"2":1,"3":1,"4":3,"5":3,"6":1,"7":3,"8":3,"9":1,"10":1,"11":1,"12":2,"13":2,"14":2,"15":1,"16":2,"17":2,"18":1,"19":1,"20":1,"21":1,"22":1,"23":1,"24":1,"25":2,"26":2,"27":1,"28":1,"29":1,"30":1,"31":1,"32":1},"f":{"0":1,"1":3,"2":2,"3":2},"b":{"0":[1,2],"1":[1,2],"2":[1,1],"3":[1,1]},"_coverageSchema":"1a1c01bbd47fc00a2c39e90264f33305004495a9","hash":"4eecccb2b4a3a353f247894845232cbbbc0d0931"}
,"C:\\Users\\Admin\\OneDrive\\Desktop\\React-projects\\TaskManagerSystem\\backend\\services\\userServices.js": {"path":"C:\\Users\\Admin\\OneDrive\\Desktop\\React-projects\\TaskManagerSystem\\backend\\services\\userServices.js","statementMap":{"0":{"start":{"line":1,"column":15},"end":{"line":1,"column":40}},"1":{"start":{"line":2,"column":15},"end":{"line":2,"column":34}},"2":{"start":{"line":3,"column":33},"end":{"line":21,"column":1}},"3":{"start":{"line":4,"column":24},"end":{"line":8,"column":6}},"4":{"start":{"line":9,"column":4},"end":{"line":14,"column":5}},"5":{"start":{"line":11,"column":22},"end":{"line":11,"column":56}},"6":{"start":{"line":12,"column":8},"end":{"line":12,"column":30}},"7":{"start":{"line":13,"column":8},"end":{"line":13,"column":19}},"8":{"start":{"line":15,"column":4},"end":{"line":15,"column":29}},"9":{"start":{"line":16,"column":4},"end":{"line":16,"column":61}},"10":{"start":{"line":17,"column":4},"end":{"line":17,"column":28}},"11":{"start":{"line":18,"column":4},"end":{"line":20,"column":5}},"12":{"start":{"line":23,"column":0},"end":{"line":23,"column":43}}},"fnMap":{"0":{"name":"(anonymous_0)","decl":{"start":{"line":3,"column":33},"end":{"line":3,"column":34}},"loc":{"start":{"line":3,"column":64},"end":{"line":21,"column":1}},"line":3}},"branchMap":{"0":{"loc":{"start":{"line":9,"column":4},"end":{"line":14,"column":5}},"type":"if","locations":[{"start":{"line":9,"column":4},"end":{"line":14,"column":5}},{"start":{},"end":{}}],"line":9}},"s":{"0":1,"1":1,"2":1,"3":2,"4":2,"5":1,"6":1,"7":1,"8":1,"9":1,"10":1,"11":1,"12":1},"f":{"0":2},"b":{"0":[1,1]},"_coverageSchema":"1a1c01bbd47fc00a2c39e90264f33305004495a9","hash":"24edcf23b1847c2d1a9101da8637e84604c82d3d"}
}
