TN:
SF:authMiddlewares\authMiddleware.js
FN:3,(anonymous_0)
FNF:1
FNH:1
FNDA:4,(anonymous_0)
DA:1,1
DA:2,1
DA:3,1
DA:4,4
DA:5,4
DA:7,1
DA:9,3
DA:10,3
DA:12,1
DA:14,2
DA:15,2
DA:16,1
DA:17,1
DA:20,1
DA:24,1
LF:15
LH:15
BRDA:5,0,0,1
BRDA:5,0,1,3
BRDA:10,1,0,1
BRDA:10,1,1,2
BRF:4
BRH:4
end_of_record
TN:
SF:controllers\authController.js
FN:3,(anonymous_0)
FN:33,(anonymous_1)
FNF:2
FNH:2
FNDA:6,(anonymous_0)
FNDA:3,(anonymous_1)
DA:1,1
DA:2,1
DA:3,1
DA:4,6
DA:5,6
DA:7,6
DA:8,1
DA:10,5
DA:12,1
DA:14,4
DA:15,1
DA:17,3
DA:19,3
DA:20,1
DA:23,2
DA:26,1
DA:29,1
DA:33,1
DA:34,3
DA:35,3
DA:37,1
DA:39,2
DA:40,2
DA:41,1
DA:44,1
DA:50,1
LF:26
LH:26
BRDA:7,0,0,1
BRDA:7,0,1,5
BRDA:7,1,0,6
BRDA:7,1,1,5
BRDA:10,2,0,1
BRDA:10,2,1,4
BRDA:14,3,0,1
BRDA:14,3,1,3
BRDA:23,4,0,1
BRDA:23,4,1,1
BRDA:35,5,0,1
BRDA:35,5,1,2
BRDA:35,6,0,3
BRDA:35,6,1,2
BRF:14
BRH:14
end_of_record
TN:
SF:services\authServices.js
FN:5,(anonymous_0)
FN:23,(anonymous_1)
FNF:2
FNH:2
FNDA:2,(anonymous_0)
FNDA:3,(anonymous_1)
DA:1,1
DA:2,1
DA:3,1
DA:4,1
DA:5,1
DA:7,2
DA:8,2
DA:10,2
DA:12,1
DA:13,1
DA:14,1
DA:17,1
DA:23,1
DA:24,3
DA:25,3
DA:27,1
DA:29,2
DA:30,2
DA:32,1
DA:34,1
DA:35,1
DA:37,1
LF:22
LH:22
BRDA:10,0,0,1
BRDA:10,0,1,1
BRDA:25,1,0,1
BRDA:25,1,1,2
BRDA:30,2,0,1
BRDA:30,2,1,1
BRF:6
BRH:6
end_of_record
TN:
SF:services\taskServices.js
FN:2,(anonymous_0)
FN:11,(anonymous_1)
FN:41,(anonymous_2)
FN:58,(anonymous_3)
FNF:4
FNH:4
FNDA:1,(anonymous_0)
FNDA:2,(anonymous_1)
FNDA:2,(anonymous_2)
FNDA:2,(anonymous_3)
DA:1,1
DA:2,1
DA:3,1
DA:11,1
DA:12,2
DA:15,2
DA:17,0
DA:19,2
DA:25,2
DA:27,1
DA:28,1
DA:29,1
DA:31,1
DA:32,1
DA:33,1
DA:41,1
DA:42,2
DA:45,2
DA:47,1
DA:48,1
DA:49,1
DA:51,1
DA:52,1
DA:53,1
DA:58,1
DA:59,2
DA:64,2
DA:66,1
DA:67,1
DA:68,1
DA:70,1
DA:71,1
DA:75,1
LF:33
LH:32
BRDA:15,0,0,0
BRDA:15,0,1,2
BRDA:25,1,0,1
BRDA:25,1,1,1
BRDA:45,2,0,1
BRDA:45,2,1,1
BRDA:64,3,0,1
BRDA:64,3,1,1
BRF:8
BRH:7
end_of_record
TN:
SF:services\userServices.js
FN:3,(anonymous_0)
FNF:1
FNH:1
FNDA:2,(anonymous_0)
DA:1,1
DA:2,1
DA:3,1
DA:4,2
DA:9,2
DA:11,1
DA:12,1
DA:13,1
DA:15,1
DA:16,1
DA:17,1
DA:18,1
DA:23,1
LF:13
LH:13
BRDA:9,0,0,1
BRDA:9,0,1,1
BRF:2
BRH:2
end_of_record
