TN:
SF:authMiddlewares\authMiddleware.js
FN:3,(anonymous_0)
FNF:1
FNH:1
FNDA:4,(anonymous_0)
DA:1,1
DA:2,1
DA:3,1
DA:4,4
DA:5,4
DA:7,1
DA:9,3
DA:10,3
DA:12,1
DA:14,2
DA:15,2
DA:16,1
DA:17,1
DA:20,1
DA:24,1
LF:15
LH:15
BRDA:5,0,0,1
BRDA:5,0,1,3
BRDA:10,1,0,1
BRDA:10,1,1,2
BRF:4
BRH:4
end_of_record
TN:
SF:services\authServices.js
FN:5,(anonymous_0)
FN:23,(anonymous_1)
FNF:2
FNH:2
FNDA:2,(anonymous_0)
FNDA:3,(anonymous_1)
DA:1,1
DA:2,1
DA:3,1
DA:4,1
DA:5,1
DA:7,2
DA:8,2
DA:10,2
DA:12,1
DA:13,1
DA:14,1
DA:17,1
DA:23,1
DA:24,3
DA:25,3
DA:27,1
DA:29,2
DA:30,2
DA:32,1
DA:34,1
DA:35,1
DA:37,1
LF:22
LH:22
BRDA:10,0,0,1
BRDA:10,0,1,1
BRDA:25,1,0,1
BRDA:25,1,1,2
BRDA:30,2,0,1
BRDA:30,2,1,1
BRF:6
BRH:6
end_of_record
